

Started GET "/" for 127.0.0.1 at Thu Dec 16 17:34:10 -0700 2010

LoadError (no such file to load -- sqlite3):
  

Rendered /Users/blaine/.rvm/gems/ruby-1.8.7-p299/gems/actionpack-3.0.0/lib/action_dispatch/middleware/templates/rescues/_trace.erb (1.1ms)
Rendered /Users/blaine/.rvm/gems/ruby-1.8.7-p299/gems/actionpack-3.0.0/lib/action_dispatch/middleware/templates/rescues/_request_and_response.erb (2.9ms)
Rendered /Users/blaine/.rvm/gems/ruby-1.8.7-p299/gems/actionpack-3.0.0/lib/action_dispatch/middleware/templates/rescues/diagnostics.erb within rescues/layout (11.1ms)


Started GET "/" for 127.0.0.1 at Thu Dec 16 17:34:47 -0700 2010

ActionController::RoutingError (No route matches "/"):
  

Rendered /Users/blaine/.rvm/gems/ruby-1.8.7-p299/gems/actionpack-3.0.0/lib/action_dispatch/middleware/templates/rescues/routing_error.erb within rescues/layout (0.9ms)


Started GET "/" for 127.0.0.1 at Thu Dec 16 17:36:09 -0700 2010

ActionController::RoutingError (No route matches "/"):
  

Rendered /Users/blaine/.rvm/gems/ruby-1.8.7-p299/gems/actionpack-3.0.0/lib/action_dispatch/middleware/templates/rescues/routing_error.erb within rescues/layout (0.8ms)
DEPRECATION WARNING: ActionController::Base.consider_all_requests_local= is deprecated. Please configure it on your application with config.consider_all_requests_local=. (called from service at /Users/blaine/.rvm/rubies/ruby-1.8.7-p299/lib/ruby/1.8/webrick/httpserver.rb:104)


Started GET "/" for 127.0.0.1 at Thu Dec 16 17:36:51 -0700 2010

ActionController::RoutingError (No route matches "/"):
  

Rendered /Users/blaine/.rvm/gems/ruby-1.8.7-p299/gems/actionpack-3.0.0/lib/action_dispatch/middleware/templates/rescues/routing_error.erb within rescues/layout (0.8ms)
DEPRECATION WARNING: ActionController::Base.consider_all_requests_local= is deprecated. Please configure it on your application with config.consider_all_requests_local=. (called from service at /Users/blaine/.rvm/rubies/ruby-1.8.7-p299/lib/ruby/1.8/webrick/httpserver.rb:104)


Started GET "/" for 127.0.0.1 at Thu Dec 16 17:37:26 -0700 2010

ActionController::RoutingError (No route matches "/"):
  

Rendered /Users/blaine/.rvm/gems/ruby-1.8.7-p299/gems/actionpack-3.0.0/lib/action_dispatch/middleware/templates/rescues/routing_error.erb within rescues/layout (0.8ms)
DEPRECATION WARNING: ActionController::Routing::Routes is deprecated. Instead, use Rails.application.routes. (called from /Volumes/technologyaz/Work/my/sites/github/azcharters-org/config/routes.rb:1)
DEPRECATION WARNING: You are using the old router DSL which will be removed in Rails 3.1. Please check how to update your routes file at: http://www.engineyard.com/blog/2010/the-lowdown-on-routes-in-rails-3/. (called from /Volumes/technologyaz/Work/my/sites/github/azcharters-org/config/routes.rb:1)
DEPRECATION WARNING: ActionController::Base.consider_all_requests_local= is deprecated. Please configure it on your application with config.consider_all_requests_local=. (called from /Volumes/technologyaz/Work/my/sites/github/azcharters-org/config/routes.rb:24)
DEPRECATION WARNING: ActionController::Routing::Routes is deprecated. Instead, use Rails.application.routes. (called from /Volumes/technologyaz/Work/my/sites/github/azcharters-org/config/routes.rb:1)
DEPRECATION WARNING: You are using the old router DSL which will be removed in Rails 3.1. Please check how to update your routes file at: http://www.engineyard.com/blog/2010/the-lowdown-on-routes-in-rails-3/. (called from /Volumes/technologyaz/Work/my/sites/github/azcharters-org/config/routes.rb:1)
DEPRECATION WARNING: ActionController::Base.consider_all_requests_local= is deprecated. Please configure it on your application with config.consider_all_requests_local=. (called from /Volumes/technologyaz/Work/my/sites/github/azcharters-org/config/routes.rb:24)
DEPRECATION WARNING: ActionController::Routing::Routes is deprecated. Instead, use Rails.application.routes. (called from /Volumes/technologyaz/Work/my/sites/github/azcharters-org/config/routes.rb:1)
DEPRECATION WARNING: You are using the old router DSL which will be removed in Rails 3.1. Please check how to update your routes file at: http://www.engineyard.com/blog/2010/the-lowdown-on-routes-in-rails-3/. (called from /Volumes/technologyaz/Work/my/sites/github/azcharters-org/config/routes.rb:1)
DEPRECATION WARNING: ActionController::Base.consider_all_requests_local= is deprecated. Please configure it on your application with config.consider_all_requests_local=. (called from /Volumes/technologyaz/Work/my/sites/github/azcharters-org/config/routes.rb:24)
DEPRECATION WARNING: ActionController::Routing::Routes is deprecated. Instead, use Rails.application.routes. (called from /Volumes/technologyaz/Work/my/sites/github/azcharters-org/config/routes.rb:1)
DEPRECATION WARNING: You are using the old router DSL which will be removed in Rails 3.1. Please check how to update your routes file at: http://www.engineyard.com/blog/2010/the-lowdown-on-routes-in-rails-3/. (called from /Volumes/technologyaz/Work/my/sites/github/azcharters-org/config/routes.rb:1)
DEPRECATION WARNING: ActionController::Base.consider_all_requests_local= is deprecated. Please configure it on your application with config.consider_all_requests_local=. (called from /Volumes/technologyaz/Work/my/sites/github/azcharters-org/config/routes.rb:24)
DEPRECATION WARNING: ActionController::Routing::Routes is deprecated. Instead, use Rails.application.routes. (called from /Volumes/technologyaz/Work/my/sites/github/azcharters-org/config/routes.rb:1)
DEPRECATION WARNING: You are using the old router DSL which will be removed in Rails 3.1. Please check how to update your routes file at: http://www.engineyard.com/blog/2010/the-lowdown-on-routes-in-rails-3/. (called from /Volumes/technologyaz/Work/my/sites/github/azcharters-org/config/routes.rb:1)
DEPRECATION WARNING: ActionController::Base.consider_all_requests_local= is deprecated. Please configure it on your application with config.consider_all_requests_local=. (called from /Volumes/technologyaz/Work/my/sites/github/azcharters-org/config/routes.rb:24)


Started GET "/" for 127.0.0.1 at Thu Dec 16 17:49:28 -0700 2010

ActionController::RoutingError (uninitialized constant WebsiteController):
  

Rendered /Users/blaine/.rvm/gems/ruby-1.8.7-p299/gems/actionpack-3.0.0/lib/action_dispatch/middleware/templates/rescues/routing_error.erb within rescues/layout (0.8ms)


Started GET "/" for 127.0.0.1 at Thu Dec 16 17:49:55 -0700 2010
  Processing by WebsiteController#index as HTML
Completed   in 13ms

ActionView::MissingTemplate (Missing template website/index with {:locale=>[:en, :en], :handlers=>[:builder, :rjs, :rhtml, :rxml, :erb], :formats=>[:html]} in view paths "/Volumes/technologyaz/Work/my/sites/github/azcharters-org/app/views", "/Volumes/technologyaz/Work/my/sites/github/azcharters-org/vendor/plugins/event_calendar/app/views", "/Users/blaine/.rvm/gems/ruby-1.8.7-p299/bundler/gems/devise_invitable-2147ec50137d/app/views", "/Users/blaine/.rvm/gems/ruby-1.8.7-p299/gems/devise-1.1.5/app/views"):
  

Rendered /Users/blaine/.rvm/gems/ruby-1.8.7-p299/gems/actionpack-3.0.0/lib/action_dispatch/middleware/templates/rescues/missing_template.erb within rescues/layout (0.8ms)


Started GET "/" for 127.0.0.1 at Thu Dec 16 17:50:07 -0700 2010
  Processing by WebsiteController#index as HTML
Rendered website/index.html.erb within layouts/website (664.1ms)
Completed   in 668ms

ActionView::Template::Error (undefined method `tree_ul' for #<#<Class:0x1032d9f48>:0x1032d4390>):
    7: <br>
    8: 
    9: <span class="tree">
    10: <%= (tree_ul(@pages) {|item| link_to h(item.title), webpage_path(item) }).html_safe unless @pages.blank? %>
    11: </span>
    12: 
    13: <style>
  app/views/website/index.html.erb:10:in `_app_views_website_index_html_erb___310262889_2174121960_0'

Rendered /Users/blaine/.rvm/gems/ruby-1.8.7-p299/gems/actionpack-3.0.0/lib/action_dispatch/middleware/templates/rescues/_trace.erb (1.1ms)
Rendered /Users/blaine/.rvm/gems/ruby-1.8.7-p299/gems/actionpack-3.0.0/lib/action_dispatch/middleware/templates/rescues/_request_and_response.erb (510.1ms)
Rendered /Users/blaine/.rvm/gems/ruby-1.8.7-p299/gems/actionpack-3.0.0/lib/action_dispatch/middleware/templates/rescues/template_error.erb within rescues/layout (520.6ms)


Started GET "/" for 127.0.0.1 at Thu Dec 16 17:50:37 -0700 2010
  Processing by WebsiteController#index as HTML
Rendered website/index.html.erb within layouts/website (529.6ms)
Completed 200 OK in 534ms (Views: 533.0ms | ActiveRecord: 0.0ms)
DEPRECATION WARNING: ActionController::Routing::Routes is deprecated. Instead, use Rails.application.routes. (called from /Volumes/technologyaz/Work/my/sites/github/azcharters-org/config/routes.rb:1)
DEPRECATION WARNING: You are using the old router DSL which will be removed in Rails 3.1. Please check how to update your routes file at: http://www.engineyard.com/blog/2010/the-lowdown-on-routes-in-rails-3/. (called from /Volumes/technologyaz/Work/my/sites/github/azcharters-org/config/routes.rb:1)
DEPRECATION WARNING: ActionController::Base.consider_all_requests_local= is deprecated. Please configure it on your application with config.consider_all_requests_local=. (called from /Volumes/technologyaz/Work/my/sites/github/azcharters-org/config/routes.rb:24)


Started GET "/" for 127.0.0.1 at Thu Dec 16 17:52:22 -0700 2010
  Processing by WebsiteController#index as HTML
Rendered website/index.html.erb within layouts/website (570.7ms)
Completed 200 OK in 575ms (Views: 574.7ms | ActiveRecord: 0.0ms)
DEPRECATION WARNING: ActionController::Routing::Routes is deprecated. Instead, use Rails.application.routes. (called from /Volumes/technologyaz/Work/my/sites/github/azcharters-org/config/routes.rb:1)
DEPRECATION WARNING: You are using the old router DSL which will be removed in Rails 3.1. Please check how to update your routes file at: http://www.engineyard.com/blog/2010/the-lowdown-on-routes-in-rails-3/. (called from /Volumes/technologyaz/Work/my/sites/github/azcharters-org/config/routes.rb:1)
DEPRECATION WARNING: ActionController::Base.consider_all_requests_local= is deprecated. Please configure it on your application with config.consider_all_requests_local=. (called from /Volumes/technologyaz/Work/my/sites/github/azcharters-org/config/routes.rb:24)


Started GET "/" for 127.0.0.1 at Thu Dec 16 17:56:48 -0700 2010
  Processing by WebsiteController#index as HTML
Rendered website/index.html.erb within layouts/website (512.4ms)
Completed 200 OK in 517ms (Views: 516.3ms | ActiveRecord: 0.0ms)


Started GET "/" for 127.0.0.1 at Thu Dec 16 17:56:50 -0700 2010
  Processing by WebsiteController#index as HTML
Rendered website/index.html.erb within layouts/website (505.8ms)
Completed 200 OK in 510ms (Views: 509.3ms | ActiveRecord: 0.0ms)
DEPRECATION WARNING: ActionController::Routing::Routes is deprecated. Instead, use Rails.application.routes. (called from /Volumes/technologyaz/Work/my/sites/github/azcharters-org/config/routes.rb:1)
DEPRECATION WARNING: You are using the old router DSL which will be removed in Rails 3.1. Please check how to update your routes file at: http://www.engineyard.com/blog/2010/the-lowdown-on-routes-in-rails-3/. (called from /Volumes/technologyaz/Work/my/sites/github/azcharters-org/config/routes.rb:1)
DEPRECATION WARNING: ActionController::Base.consider_all_requests_local= is deprecated. Please configure it on your application with config.consider_all_requests_local=. (called from /Volumes/technologyaz/Work/my/sites/github/azcharters-org/config/routes.rb:24)
DEPRECATION WARNING: ActionController::Routing::Routes is deprecated. Instead, use Rails.application.routes. (called from /Volumes/technologyaz/Work/my/sites/github/azcharters-org/config/routes.rb:1)
DEPRECATION WARNING: You are using the old router DSL which will be removed in Rails 3.1. Please check how to update your routes file at: http://www.engineyard.com/blog/2010/the-lowdown-on-routes-in-rails-3/. (called from /Volumes/technologyaz/Work/my/sites/github/azcharters-org/config/routes.rb:1)
DEPRECATION WARNING: ActionController::Base.consider_all_requests_local= is deprecated. Please configure it on your application with config.consider_all_requests_local=. (called from /Volumes/technologyaz/Work/my/sites/github/azcharters-org/config/routes.rb:24)
DEPRECATION WARNING: ActionController::Routing::Routes is deprecated. Instead, use Rails.application.routes. (called from /Volumes/technologyaz/Work/my/sites/github/azcharters-org/config/routes.rb:1)
DEPRECATION WARNING: You are using the old router DSL which will be removed in Rails 3.1. Please check how to update your routes file at: http://www.engineyard.com/blog/2010/the-lowdown-on-routes-in-rails-3/. (called from /Volumes/technologyaz/Work/my/sites/github/azcharters-org/config/routes.rb:1)
DEPRECATION WARNING: ActionController::Base.consider_all_requests_local= is deprecated. Please configure it on your application with config.consider_all_requests_local=. (called from /Volumes/technologyaz/Work/my/sites/github/azcharters-org/config/routes.rb:24)
DEPRECATION WARNING: ActionController::Routing::Routes is deprecated. Instead, use Rails.application.routes. (called from /Volumes/technologyaz/Work/my/sites/github/azcharters-org/config/routes.rb:1)
DEPRECATION WARNING: You are using the old router DSL which will be removed in Rails 3.1. Please check how to update your routes file at: http://www.engineyard.com/blog/2010/the-lowdown-on-routes-in-rails-3/. (called from /Volumes/technologyaz/Work/my/sites/github/azcharters-org/config/routes.rb:1)
DEPRECATION WARNING: ActionController::Base.consider_all_requests_local= is deprecated. Please configure it on your application with config.consider_all_requests_local=. (called from /Volumes/technologyaz/Work/my/sites/github/azcharters-org/config/routes.rb:24)


Started GET "/" for 127.0.0.1 at Thu Dec 16 18:00:32 -0700 2010
  Processing by WebsiteController#index as HTML
Rendered website/index.html.erb within layouts/website (532.0ms)
Completed 200 OK in 538ms (Views: 536.8ms | ActiveRecord: 0.0ms)


Started GET "/" for 127.0.0.1 at Thu Dec 16 18:00:35 -0700 2010
  Processing by WebsiteController#index as HTML
Rendered website/index.html.erb within layouts/website (527.2ms)
Completed 200 OK in 532ms (Views: 531.1ms | ActiveRecord: 0.0ms)
DEPRECATION WARNING: ActionController::Routing::Routes is deprecated. Instead, use Rails.application.routes. (called from /Volumes/technologyaz/Work/my/sites/github/azcharters-org/config/routes.rb:1)
DEPRECATION WARNING: You are using the old router DSL which will be removed in Rails 3.1. Please check how to update your routes file at: http://www.engineyard.com/blog/2010/the-lowdown-on-routes-in-rails-3/. (called from /Volumes/technologyaz/Work/my/sites/github/azcharters-org/config/routes.rb:1)
DEPRECATION WARNING: ActionController::Base.consider_all_requests_local= is deprecated. Please configure it on your application with config.consider_all_requests_local=. (called from /Volumes/technologyaz/Work/my/sites/github/azcharters-org/config/routes.rb:24)
DEPRECATION WARNING: ActionController::Routing::Routes is deprecated. Instead, use Rails.application.routes. (called from /Volumes/technologyaz/Work/my/sites/github/azcharters-org/config/routes.rb:1)
DEPRECATION WARNING: You are using the old router DSL which will be removed in Rails 3.1. Please check how to update your routes file at: http://www.engineyard.com/blog/2010/the-lowdown-on-routes-in-rails-3/. (called from /Volumes/technologyaz/Work/my/sites/github/azcharters-org/config/routes.rb:1)
DEPRECATION WARNING: ActionController::Base.consider_all_requests_local= is deprecated. Please configure it on your application with config.consider_all_requests_local=. (called from /Volumes/technologyaz/Work/my/sites/github/azcharters-org/config/routes.rb:24)
DEPRECATION WARNING: ActionController::Routing::Routes is deprecated. Instead, use Rails.application.routes. (called from /Volumes/technologyaz/Work/my/sites/github/azcharters-org/config/routes.rb:1)
DEPRECATION WARNING: You are using the old router DSL which will be removed in Rails 3.1. Please check how to update your routes file at: http://www.engineyard.com/blog/2010/the-lowdown-on-routes-in-rails-3/. (called from /Volumes/technologyaz/Work/my/sites/github/azcharters-org/config/routes.rb:1)
DEPRECATION WARNING: ActionController::Base.consider_all_requests_local= is deprecated. Please configure it on your application with config.consider_all_requests_local=. (called from /Volumes/technologyaz/Work/my/sites/github/azcharters-org/config/routes.rb:24)
DEPRECATION WARNING: ActionController::Routing::Routes is deprecated. Instead, use Rails.application.routes. (called from /Volumes/technologyaz/Work/my/sites/github/azcharters-org/config/routes.rb:1)
DEPRECATION WARNING: You are using the old router DSL which will be removed in Rails 3.1. Please check how to update your routes file at: http://www.engineyard.com/blog/2010/the-lowdown-on-routes-in-rails-3/. (called from /Volumes/technologyaz/Work/my/sites/github/azcharters-org/config/routes.rb:1)
DEPRECATION WARNING: ActionController::Base.consider_all_requests_local= is deprecated. Please configure it on your application with config.consider_all_requests_local=. (called from /Volumes/technologyaz/Work/my/sites/github/azcharters-org/config/routes.rb:24)
DEPRECATION WARNING: ActionController::Routing::Routes is deprecated. Instead, use Rails.application.routes. (called from /Volumes/technologyaz/Work/my/sites/github/azcharters-org/config/routes.rb:1)
DEPRECATION WARNING: You are using the old router DSL which will be removed in Rails 3.1. Please check how to update your routes file at: http://www.engineyard.com/blog/2010/the-lowdown-on-routes-in-rails-3/. (called from /Volumes/technologyaz/Work/my/sites/github/azcharters-org/config/routes.rb:1)
DEPRECATION WARNING: ActionController::Base.consider_all_requests_local= is deprecated. Please configure it on your application with config.consider_all_requests_local=. (called from /Volumes/technologyaz/Work/my/sites/github/azcharters-org/config/routes.rb:24)
DEPRECATION WARNING: ActionController::Routing::Routes is deprecated. Instead, use Rails.application.routes. (called from /Volumes/technologyaz/Work/my/sites/github/azcharters-org/config/routes.rb:1)
DEPRECATION WARNING: You are using the old router DSL which will be removed in Rails 3.1. Please check how to update your routes file at: http://www.engineyard.com/blog/2010/the-lowdown-on-routes-in-rails-3/. (called from /Volumes/technologyaz/Work/my/sites/github/azcharters-org/config/routes.rb:1)
DEPRECATION WARNING: ActionController::Base.consider_all_requests_local= is deprecated. Please configure it on your application with config.consider_all_requests_local=. (called from /Volumes/technologyaz/Work/my/sites/github/azcharters-org/config/routes.rb:24)
DEPRECATION WARNING: ActionController::Routing::Routes is deprecated. Instead, use Rails.application.routes. (called from /Volumes/technologyaz/Work/my/sites/github/azcharters-org/config/routes.rb:1)
DEPRECATION WARNING: You are using the old router DSL which will be removed in Rails 3.1. Please check how to update your routes file at: http://www.engineyard.com/blog/2010/the-lowdown-on-routes-in-rails-3/. (called from /Volumes/technologyaz/Work/my/sites/github/azcharters-org/config/routes.rb:1)
DEPRECATION WARNING: ActionController::Base.consider_all_requests_local= is deprecated. Please configure it on your application with config.consider_all_requests_local=. (called from /Volumes/technologyaz/Work/my/sites/github/azcharters-org/config/routes.rb:24)
DEPRECATION WARNING: ActionController::Routing::Routes is deprecated. Instead, use Rails.application.routes. (called from /Volumes/technologyaz/Work/my/sites/github/azcharters-org/config/routes.rb:1)
DEPRECATION WARNING: You are using the old router DSL which will be removed in Rails 3.1. Please check how to update your routes file at: http://www.engineyard.com/blog/2010/the-lowdown-on-routes-in-rails-3/. (called from /Volumes/technologyaz/Work/my/sites/github/azcharters-org/config/routes.rb:1)
DEPRECATION WARNING: ActionController::Base.consider_all_requests_local= is deprecated. Please configure it on your application with config.consider_all_requests_local=. (called from /Volumes/technologyaz/Work/my/sites/github/azcharters-org/config/routes.rb:24)
DEPRECATION WARNING: ActionController::Routing::Routes is deprecated. Instead, use Rails.application.routes. (called from /Volumes/technologyaz/Work/my/sites/github/azcharters-org/config/routes.rb:1)
DEPRECATION WARNING: You are using the old router DSL which will be removed in Rails 3.1. Please check how to update your routes file at: http://www.engineyard.com/blog/2010/the-lowdown-on-routes-in-rails-3/. (called from /Volumes/technologyaz/Work/my/sites/github/azcharters-org/config/routes.rb:1)
DEPRECATION WARNING: ActionController::Base.consider_all_requests_local= is deprecated. Please configure it on your application with config.consider_all_requests_local=. (called from /Volumes/technologyaz/Work/my/sites/github/azcharters-org/config/routes.rb:24)
DEPRECATION WARNING: ActionController::Routing::Routes is deprecated. Instead, use Rails.application.routes. (called from /Volumes/technologyaz/Work/my/sites/github/azcharters-org/config/routes.rb:1)
DEPRECATION WARNING: You are using the old router DSL which will be removed in Rails 3.1. Please check how to update your routes file at: http://www.engineyard.com/blog/2010/the-lowdown-on-routes-in-rails-3/. (called from /Volumes/technologyaz/Work/my/sites/github/azcharters-org/config/routes.rb:1)
DEPRECATION WARNING: ActionController::Base.consider_all_requests_local= is deprecated. Please configure it on your application with config.consider_all_requests_local=. (called from /Volumes/technologyaz/Work/my/sites/github/azcharters-org/config/routes.rb:24)
DEPRECATION WARNING: ActionController::Routing::Routes is deprecated. Instead, use Rails.application.routes. (called from /Volumes/technologyaz/Work/my/sites/github/azcharters-org/config/routes.rb:1)
DEPRECATION WARNING: You are using the old router DSL which will be removed in Rails 3.1. Please check how to update your routes file at: http://www.engineyard.com/blog/2010/the-lowdown-on-routes-in-rails-3/. (called from /Volumes/technologyaz/Work/my/sites/github/azcharters-org/config/routes.rb:1)
DEPRECATION WARNING: ActionController::Base.consider_all_requests_local= is deprecated. Please configure it on your application with config.consider_all_requests_local=. (called from /Volumes/technologyaz/Work/my/sites/github/azcharters-org/config/routes.rb:24)
DEPRECATION WARNING: ActionController::Routing::Routes is deprecated. Instead, use Rails.application.routes. (called from /Volumes/technologyaz/Work/my/sites/github/azcharters-org/config/routes.rb:1)
DEPRECATION WARNING: You are using the old router DSL which will be removed in Rails 3.1. Please check how to update your routes file at: http://www.engineyard.com/blog/2010/the-lowdown-on-routes-in-rails-3/. (called from /Volumes/technologyaz/Work/my/sites/github/azcharters-org/config/routes.rb:1)
DEPRECATION WARNING: ActionController::Base.consider_all_requests_local= is deprecated. Please configure it on your application with config.consider_all_requests_local=. (called from /Volumes/technologyaz/Work/my/sites/github/azcharters-org/config/routes.rb:24)
DEPRECATION WARNING: ActionController::Routing::Routes is deprecated. Instead, use Rails.application.routes. (called from /Volumes/technologyaz/Work/my/sites/github/azcharters-org/config/routes.rb:1)
DEPRECATION WARNING: You are using the old router DSL which will be removed in Rails 3.1. Please check how to update your routes file at: http://www.engineyard.com/blog/2010/the-lowdown-on-routes-in-rails-3/. (called from /Volumes/technologyaz/Work/my/sites/github/azcharters-org/config/routes.rb:1)
DEPRECATION WARNING: ActionController::Base.consider_all_requests_local= is deprecated. Please configure it on your application with config.consider_all_requests_local=. (called from /Volumes/technologyaz/Work/my/sites/github/azcharters-org/config/routes.rb:24)
DEPRECATION WARNING: ActionController::Routing::Routes is deprecated. Instead, use Rails.application.routes. (called from /Volumes/technologyaz/Work/my/sites/github/azcharters-org/config/routes.rb:1)
DEPRECATION WARNING: You are using the old router DSL which will be removed in Rails 3.1. Please check how to update your routes file at: http://www.engineyard.com/blog/2010/the-lowdown-on-routes-in-rails-3/. (called from /Volumes/technologyaz/Work/my/sites/github/azcharters-org/config/routes.rb:1)
DEPRECATION WARNING: ActionController::Base.consider_all_requests_local= is deprecated. Please configure it on your application with config.consider_all_requests_local=. (called from /Volumes/technologyaz/Work/my/sites/github/azcharters-org/config/routes.rb:24)
DEPRECATION WARNING: ActionController::Routing::Routes is deprecated. Instead, use Rails.application.routes. (called from /Volumes/technologyaz/Work/my/sites/github/azcharters-org/config/routes.rb:1)
DEPRECATION WARNING: You are using the old router DSL which will be removed in Rails 3.1. Please check how to update your routes file at: http://www.engineyard.com/blog/2010/the-lowdown-on-routes-in-rails-3/. (called from /Volumes/technologyaz/Work/my/sites/github/azcharters-org/config/routes.rb:1)
DEPRECATION WARNING: ActionController::Base.consider_all_requests_local= is deprecated. Please configure it on your application with config.consider_all_requests_local=. (called from /Volumes/technologyaz/Work/my/sites/github/azcharters-org/config/routes.rb:24)
DEPRECATION WARNING: ActionController::Routing::Routes is deprecated. Instead, use Rails.application.routes. (called from /Volumes/technologyaz/Work/my/sites/github/azcharters-org/config/routes.rb:1)
DEPRECATION WARNING: You are using the old router DSL which will be removed in Rails 3.1. Please check how to update your routes file at: http://www.engineyard.com/blog/2010/the-lowdown-on-routes-in-rails-3/. (called from /Volumes/technologyaz/Work/my/sites/github/azcharters-org/config/routes.rb:1)
DEPRECATION WARNING: ActionController::Base.consider_all_requests_local= is deprecated. Please configure it on your application with config.consider_all_requests_local=. (called from /Volumes/technologyaz/Work/my/sites/github/azcharters-org/config/routes.rb:24)
DEPRECATION WARNING: ActionController::Routing::Routes is deprecated. Instead, use Rails.application.routes. (called from /Volumes/technologyaz/Work/my/sites/github/azcharters-org/config/routes.rb:1)
DEPRECATION WARNING: You are using the old router DSL which will be removed in Rails 3.1. Please check how to update your routes file at: http://www.engineyard.com/blog/2010/the-lowdown-on-routes-in-rails-3/. (called from /Volumes/technologyaz/Work/my/sites/github/azcharters-org/config/routes.rb:1)
DEPRECATION WARNING: ActionController::Base.consider_all_requests_local= is deprecated. Please configure it on your application with config.consider_all_requests_local=. (called from /Volumes/technologyaz/Work/my/sites/github/azcharters-org/config/routes.rb:24)
DEPRECATION WARNING: ActionController::Routing::Routes is deprecated. Instead, use Rails.application.routes. (called from /Volumes/technologyaz/Work/my/sites/github/azcharters-org/config/routes.rb:1)
DEPRECATION WARNING: You are using the old router DSL which will be removed in Rails 3.1. Please check how to update your routes file at: http://www.engineyard.com/blog/2010/the-lowdown-on-routes-in-rails-3/. (called from /Volumes/technologyaz/Work/my/sites/github/azcharters-org/config/routes.rb:1)
DEPRECATION WARNING: ActionController::Base.consider_all_requests_local= is deprecated. Please configure it on your application with config.consider_all_requests_local=. (called from /Volumes/technologyaz/Work/my/sites/github/azcharters-org/config/routes.rb:24)
DEPRECATION WARNING: ActionController::Routing::Routes is deprecated. Instead, use Rails.application.routes. (called from /Volumes/technologyaz/Work/my/sites/github/azcharters-org/config/routes.rb:1)
DEPRECATION WARNING: You are using the old router DSL which will be removed in Rails 3.1. Please check how to update your routes file at: http://www.engineyard.com/blog/2010/the-lowdown-on-routes-in-rails-3/. (called from /Volumes/technologyaz/Work/my/sites/github/azcharters-org/config/routes.rb:1)
DEPRECATION WARNING: ActionController::Base.consider_all_requests_local= is deprecated. Please configure it on your application with config.consider_all_requests_local=. (called from /Volumes/technologyaz/Work/my/sites/github/azcharters-org/config/routes.rb:24)
DEPRECATION WARNING: ActionController::Routing::Routes is deprecated. Instead, use Rails.application.routes. (called from /Volumes/technologyaz/Work/my/sites/github/azcharters-org/config/routes.rb:1)
DEPRECATION WARNING: You are using the old router DSL which will be removed in Rails 3.1. Please check how to update your routes file at: http://www.engineyard.com/blog/2010/the-lowdown-on-routes-in-rails-3/. (called from /Volumes/technologyaz/Work/my/sites/github/azcharters-org/config/routes.rb:1)
DEPRECATION WARNING: ActionController::Base.consider_all_requests_local= is deprecated. Please configure it on your application with config.consider_all_requests_local=. (called from /Volumes/technologyaz/Work/my/sites/github/azcharters-org/config/routes.rb:24)
DEPRECATION WARNING: ActionController::Routing::Routes is deprecated. Instead, use Rails.application.routes. (called from /Volumes/technologyaz/Work/my/sites/github/azcharters-org/config/routes.rb:1)
DEPRECATION WARNING: You are using the old router DSL which will be removed in Rails 3.1. Please check how to update your routes file at: http://www.engineyard.com/blog/2010/the-lowdown-on-routes-in-rails-3/. (called from /Volumes/technologyaz/Work/my/sites/github/azcharters-org/config/routes.rb:1)
DEPRECATION WARNING: ActionController::Base.consider_all_requests_local= is deprecated. Please configure it on your application with config.consider_all_requests_local=. (called from /Volumes/technologyaz/Work/my/sites/github/azcharters-org/config/routes.rb:24)
DEPRECATION WARNING: ActionController::Routing::Routes is deprecated. Instead, use Rails.application.routes. (called from /Volumes/technologyaz/Work/my/sites/github/azcharters-org/config/routes.rb:1)
DEPRECATION WARNING: You are using the old router DSL which will be removed in Rails 3.1. Please check how to update your routes file at: http://www.engineyard.com/blog/2010/the-lowdown-on-routes-in-rails-3/. (called from /Volumes/technologyaz/Work/my/sites/github/azcharters-org/config/routes.rb:1)
DEPRECATION WARNING: ActionController::Base.consider_all_requests_local= is deprecated. Please configure it on your application with config.consider_all_requests_local=. (called from /Volumes/technologyaz/Work/my/sites/github/azcharters-org/config/routes.rb:24)
DEPRECATION WARNING: ActionController::Routing::Routes is deprecated. Instead, use Rails.application.routes. (called from /Volumes/technologyaz/Work/my/sites/github/azcharters-org/config/routes.rb:1)
DEPRECATION WARNING: You are using the old router DSL which will be removed in Rails 3.1. Please check how to update your routes file at: http://www.engineyard.com/blog/2010/the-lowdown-on-routes-in-rails-3/. (called from /Volumes/technologyaz/Work/my/sites/github/azcharters-org/config/routes.rb:1)
DEPRECATION WARNING: ActionController::Base.consider_all_requests_local= is deprecated. Please configure it on your application with config.consider_all_requests_local=. (called from /Volumes/technologyaz/Work/my/sites/github/azcharters-org/config/routes.rb:24)
DEPRECATION WARNING: ActionController::Routing::Routes is deprecated. Instead, use Rails.application.routes. (called from /Volumes/technologyaz/Work/my/sites/github/azcharters-org/config/routes.rb:1)
DEPRECATION WARNING: You are using the old router DSL which will be removed in Rails 3.1. Please check how to update your routes file at: http://www.engineyard.com/blog/2010/the-lowdown-on-routes-in-rails-3/. (called from /Volumes/technologyaz/Work/my/sites/github/azcharters-org/config/routes.rb:1)
DEPRECATION WARNING: ActionController::Base.consider_all_requests_local= is deprecated. Please configure it on your application with config.consider_all_requests_local=. (called from /Volumes/technologyaz/Work/my/sites/github/azcharters-org/config/routes.rb:24)
DEPRECATION WARNING: ActionController::Routing::Routes is deprecated. Instead, use Rails.application.routes. (called from /Volumes/technologyaz/Work/my/sites/github/azcharters-org/config/routes.rb:1)
DEPRECATION WARNING: You are using the old router DSL which will be removed in Rails 3.1. Please check how to update your routes file at: http://www.engineyard.com/blog/2010/the-lowdown-on-routes-in-rails-3/. (called from /Volumes/technologyaz/Work/my/sites/github/azcharters-org/config/routes.rb:1)
DEPRECATION WARNING: ActionController::Base.consider_all_requests_local= is deprecated. Please configure it on your application with config.consider_all_requests_local=. (called from /Volumes/technologyaz/Work/my/sites/github/azcharters-org/config/routes.rb:24)


Started GET "/" for 127.0.0.1 at Thu Dec 16 19:29:28 -0700 2010

ActionController::RoutingError (undefined method `randomize' for "m".."z":Range):
  app/controllers/application_controller.rb:5
  app/controllers/website_controller.rb:1

Rendered /Users/blaine/.rvm/gems/ruby-1.8.7-p299/gems/actionpack-3.0.0/lib/action_dispatch/middleware/templates/rescues/routing_error.erb within rescues/layout (1.1ms)
DEPRECATION WARNING: ActionController::Routing::Routes is deprecated. Instead, use Rails.application.routes. (called from /Volumes/technologyaz/Work/my/sites/github/azcharters-org/config/routes.rb:1)
DEPRECATION WARNING: You are using the old router DSL which will be removed in Rails 3.1. Please check how to update your routes file at: http://www.engineyard.com/blog/2010/the-lowdown-on-routes-in-rails-3/. (called from /Volumes/technologyaz/Work/my/sites/github/azcharters-org/config/routes.rb:1)
DEPRECATION WARNING: ActionController::Base.consider_all_requests_local= is deprecated. Please configure it on your application with config.consider_all_requests_local=. (called from /Volumes/technologyaz/Work/my/sites/github/azcharters-org/config/routes.rb:24)
DEPRECATION WARNING: ActionController::Routing::Routes is deprecated. Instead, use Rails.application.routes. (called from /Volumes/technologyaz/Work/my/sites/github/azcharters-org/config/routes.rb:1)
DEPRECATION WARNING: You are using the old router DSL which will be removed in Rails 3.1. Please check how to update your routes file at: http://www.engineyard.com/blog/2010/the-lowdown-on-routes-in-rails-3/. (called from /Volumes/technologyaz/Work/my/sites/github/azcharters-org/config/routes.rb:1)
DEPRECATION WARNING: ActionController::Base.consider_all_requests_local= is deprecated. Please configure it on your application with config.consider_all_requests_local=. (called from /Volumes/technologyaz/Work/my/sites/github/azcharters-org/config/routes.rb:24)
DEPRECATION WARNING: ActionController::Routing::Routes is deprecated. Instead, use Rails.application.routes. (called from /Volumes/technologyaz/Work/my/sites/github/azcharters-org/config/routes.rb:1)
DEPRECATION WARNING: You are using the old router DSL which will be removed in Rails 3.1. Please check how to update your routes file at: http://www.engineyard.com/blog/2010/the-lowdown-on-routes-in-rails-3/. (called from /Volumes/technologyaz/Work/my/sites/github/azcharters-org/config/routes.rb:1)
DEPRECATION WARNING: ActionController::Base.consider_all_requests_local= is deprecated. Please configure it on your application with config.consider_all_requests_local=. (called from /Volumes/technologyaz/Work/my/sites/github/azcharters-org/config/routes.rb:24)
DEPRECATION WARNING: ActionController::Routing::Routes is deprecated. Instead, use Rails.application.routes. (called from /Volumes/technologyaz/Work/my/sites/github/azcharters-org/config/routes.rb:1)
DEPRECATION WARNING: You are using the old router DSL which will be removed in Rails 3.1. Please check how to update your routes file at: http://www.engineyard.com/blog/2010/the-lowdown-on-routes-in-rails-3/. (called from /Volumes/technologyaz/Work/my/sites/github/azcharters-org/config/routes.rb:1)
DEPRECATION WARNING: ActionController::Base.consider_all_requests_local= is deprecated. Please configure it on your application with config.consider_all_requests_local=. (called from /Volumes/technologyaz/Work/my/sites/github/azcharters-org/config/routes.rb:24)
DEPRECATION WARNING: ActionController::Routing::Routes is deprecated. Instead, use Rails.application.routes. (called from /Volumes/technologyaz/Work/my/sites/github/azcharters-org/config/routes.rb:1)
DEPRECATION WARNING: You are using the old router DSL which will be removed in Rails 3.1. Please check how to update your routes file at: http://www.engineyard.com/blog/2010/the-lowdown-on-routes-in-rails-3/. (called from /Volumes/technologyaz/Work/my/sites/github/azcharters-org/config/routes.rb:1)
DEPRECATION WARNING: ActionController::Base.consider_all_requests_local= is deprecated. Please configure it on your application with config.consider_all_requests_local=. (called from /Volumes/technologyaz/Work/my/sites/github/azcharters-org/config/routes.rb:24)
DEPRECATION WARNING: ActionController::Routing::Routes is deprecated. Instead, use Rails.application.routes. (called from /Volumes/technologyaz/Work/my/sites/github/azcharters-org/config/routes.rb:1)
DEPRECATION WARNING: You are using the old router DSL which will be removed in Rails 3.1. Please check how to update your routes file at: http://www.engineyard.com/blog/2010/the-lowdown-on-routes-in-rails-3/. (called from /Volumes/technologyaz/Work/my/sites/github/azcharters-org/config/routes.rb:1)
DEPRECATION WARNING: ActionController::Base.consider_all_requests_local= is deprecated. Please configure it on your application with config.consider_all_requests_local=. (called from /Volumes/technologyaz/Work/my/sites/github/azcharters-org/config/routes.rb:24)


Started GET "/" for 127.0.0.1 at Thu Dec 16 19:36:36 -0700 2010

TypeError (["m", "n", "o", "p", "q", "r", "s", "t", "u", "v", "w", "x", "y", "z", "validate"] is not a symbol):
  app/controllers/application_controller.rb:5:in `send'
  app/controllers/application_controller.rb:5
  app/controllers/website_controller.rb:1

Rendered /Users/blaine/.rvm/gems/ruby-1.8.7-p299/gems/actionpack-3.0.0/lib/action_dispatch/middleware/templates/rescues/_trace.erb (1.1ms)
Rendered /Users/blaine/.rvm/gems/ruby-1.8.7-p299/gems/actionpack-3.0.0/lib/action_dispatch/middleware/templates/rescues/_request_and_response.erb (284.0ms)
Rendered /Users/blaine/.rvm/gems/ruby-1.8.7-p299/gems/actionpack-3.0.0/lib/action_dispatch/middleware/templates/rescues/diagnostics.erb within rescues/layout (292.7ms)
DEPRECATION WARNING: ActionController::Routing::Routes is deprecated. Instead, use Rails.application.routes. (called from /Volumes/technologyaz/Work/my/sites/github/azcharters-org/config/routes.rb:1)
DEPRECATION WARNING: You are using the old router DSL which will be removed in Rails 3.1. Please check how to update your routes file at: http://www.engineyard.com/blog/2010/the-lowdown-on-routes-in-rails-3/. (called from /Volumes/technologyaz/Work/my/sites/github/azcharters-org/config/routes.rb:1)
DEPRECATION WARNING: ActionController::Base.consider_all_requests_local= is deprecated. Please configure it on your application with config.consider_all_requests_local=. (called from /Volumes/technologyaz/Work/my/sites/github/azcharters-org/config/routes.rb:24)
DEPRECATION WARNING: ActionController::Routing::Routes is deprecated. Instead, use Rails.application.routes. (called from /Volumes/technologyaz/Work/my/sites/github/azcharters-org/config/routes.rb:1)
DEPRECATION WARNING: You are using the old router DSL which will be removed in Rails 3.1. Please check how to update your routes file at: http://www.engineyard.com/blog/2010/the-lowdown-on-routes-in-rails-3/. (called from /Volumes/technologyaz/Work/my/sites/github/azcharters-org/config/routes.rb:1)
DEPRECATION WARNING: ActionController::Base.consider_all_requests_local= is deprecated. Please configure it on your application with config.consider_all_requests_local=. (called from /Volumes/technologyaz/Work/my/sites/github/azcharters-org/config/routes.rb:24)
DEPRECATION WARNING: ActionController::Routing::Routes is deprecated. Instead, use Rails.application.routes. (called from /Volumes/technologyaz/Work/my/sites/github/azcharters-org/config/routes.rb:1)
DEPRECATION WARNING: You are using the old router DSL which will be removed in Rails 3.1. Please check how to update your routes file at: http://www.engineyard.com/blog/2010/the-lowdown-on-routes-in-rails-3/. (called from /Volumes/technologyaz/Work/my/sites/github/azcharters-org/config/routes.rb:1)
DEPRECATION WARNING: ActionController::Base.consider_all_requests_local= is deprecated. Please configure it on your application with config.consider_all_requests_local=. (called from /Volumes/technologyaz/Work/my/sites/github/azcharters-org/config/routes.rb:24)
DEPRECATION WARNING: ActionController::Routing::Routes is deprecated. Instead, use Rails.application.routes. (called from /Volumes/technologyaz/Work/my/sites/github/azcharters-org/config/routes.rb:1)
DEPRECATION WARNING: You are using the old router DSL which will be removed in Rails 3.1. Please check how to update your routes file at: http://www.engineyard.com/blog/2010/the-lowdown-on-routes-in-rails-3/. (called from /Volumes/technologyaz/Work/my/sites/github/azcharters-org/config/routes.rb:1)
DEPRECATION WARNING: ActionController::Base.consider_all_requests_local= is deprecated. Please configure it on your application with config.consider_all_requests_local=. (called from /Volumes/technologyaz/Work/my/sites/github/azcharters-org/config/routes.rb:24)
DEPRECATION WARNING: ActionController::Routing::Routes is deprecated. Instead, use Rails.application.routes. (called from /Volumes/technologyaz/Work/my/sites/github/azcharters-org/config/routes.rb:1)
DEPRECATION WARNING: You are using the old router DSL which will be removed in Rails 3.1. Please check how to update your routes file at: http://www.engineyard.com/blog/2010/the-lowdown-on-routes-in-rails-3/. (called from /Volumes/technologyaz/Work/my/sites/github/azcharters-org/config/routes.rb:1)
DEPRECATION WARNING: ActionController::Base.consider_all_requests_local= is deprecated. Please configure it on your application with config.consider_all_requests_local=. (called from /Volumes/technologyaz/Work/my/sites/github/azcharters-org/config/routes.rb:24)
DEPRECATION WARNING: ActionController::Routing::Routes is deprecated. Instead, use Rails.application.routes. (called from /Volumes/technologyaz/Work/my/sites/github/azcharters-org/config/routes.rb:1)
DEPRECATION WARNING: You are using the old router DSL which will be removed in Rails 3.1. Please check how to update your routes file at: http://www.engineyard.com/blog/2010/the-lowdown-on-routes-in-rails-3/. (called from /Volumes/technologyaz/Work/my/sites/github/azcharters-org/config/routes.rb:1)
DEPRECATION WARNING: ActionController::Base.consider_all_requests_local= is deprecated. Please configure it on your application with config.consider_all_requests_local=. (called from /Volumes/technologyaz/Work/my/sites/github/azcharters-org/config/routes.rb:24)
DEPRECATION WARNING: ActionController::Routing::Routes is deprecated. Instead, use Rails.application.routes. (called from /Volumes/technologyaz/Work/my/sites/github/azcharters-org/config/routes.rb:1)
DEPRECATION WARNING: You are using the old router DSL which will be removed in Rails 3.1. Please check how to update your routes file at: http://www.engineyard.com/blog/2010/the-lowdown-on-routes-in-rails-3/. (called from /Volumes/technologyaz/Work/my/sites/github/azcharters-org/config/routes.rb:1)
DEPRECATION WARNING: ActionController::Base.consider_all_requests_local= is deprecated. Please configure it on your application with config.consider_all_requests_local=. (called from /Volumes/technologyaz/Work/my/sites/github/azcharters-org/config/routes.rb:24)
DEPRECATION WARNING: ActionController::Routing::Routes is deprecated. Instead, use Rails.application.routes. (called from /Volumes/technologyaz/Work/my/sites/github/azcharters-org/config/routes.rb:1)
DEPRECATION WARNING: You are using the old router DSL which will be removed in Rails 3.1. Please check how to update your routes file at: http://www.engineyard.com/blog/2010/the-lowdown-on-routes-in-rails-3/. (called from /Volumes/technologyaz/Work/my/sites/github/azcharters-org/config/routes.rb:1)
DEPRECATION WARNING: ActionController::Base.consider_all_requests_local= is deprecated. Please configure it on your application with config.consider_all_requests_local=. (called from /Volumes/technologyaz/Work/my/sites/github/azcharters-org/config/routes.rb:24)
DEPRECATION WARNING: ActionController::Routing::Routes is deprecated. Instead, use Rails.application.routes. (called from /Volumes/technologyaz/Work/my/sites/github/azcharters-org/config/routes.rb:1)
DEPRECATION WARNING: You are using the old router DSL which will be removed in Rails 3.1. Please check how to update your routes file at: http://www.engineyard.com/blog/2010/the-lowdown-on-routes-in-rails-3/. (called from /Volumes/technologyaz/Work/my/sites/github/azcharters-org/config/routes.rb:1)
DEPRECATION WARNING: ActionController::Base.consider_all_requests_local= is deprecated. Please configure it on your application with config.consider_all_requests_local=. (called from /Volumes/technologyaz/Work/my/sites/github/azcharters-org/config/routes.rb:24)


Started GET "/" for 127.0.0.1 at Thu Dec 16 19:48:03 -0700 2010
  Processing by WebsiteController#index as HTML
Rendered website/index.html.erb within layouts/website (539.3ms)
Completed 200 OK in 544ms (Views: 543.5ms | ActiveRecord: 0.0ms)


Started GET "/" for 127.0.0.1 at Thu Dec 16 19:48:07 -0700 2010
  Processing by WebsiteController#index as HTML
Rendered website/index.html.erb within layouts/website (518.0ms)
Completed 200 OK in 522ms (Views: 521.4ms | ActiveRecord: 0.0ms)


Started GET "/" for 127.0.0.1 at Thu Dec 16 19:48:10 -0700 2010
  Processing by WebsiteController#index as HTML
Rendered website/index.html.erb within layouts/website (517.6ms)
Completed 200 OK in 522ms (Views: 521.3ms | ActiveRecord: 0.0ms)
DEPRECATION WARNING: ActionController::Routing::Routes is deprecated. Instead, use Rails.application.routes. (called from /Volumes/technologyaz/Work/my/sites/github/azcharters-org/config/routes.rb:1)
DEPRECATION WARNING: You are using the old router DSL which will be removed in Rails 3.1. Please check how to update your routes file at: http://www.engineyard.com/blog/2010/the-lowdown-on-routes-in-rails-3/. (called from /Volumes/technologyaz/Work/my/sites/github/azcharters-org/config/routes.rb:1)
DEPRECATION WARNING: ActionController::Base.consider_all_requests_local= is deprecated. Please configure it on your application with config.consider_all_requests_local=. (called from /Volumes/technologyaz/Work/my/sites/github/azcharters-org/config/routes.rb:24)
DEPRECATION WARNING: ActionController::Routing::Routes is deprecated. Instead, use Rails.application.routes. (called from /Volumes/technologyaz/Work/my/sites/github/azcharters-org/config/routes.rb:1)
DEPRECATION WARNING: You are using the old router DSL which will be removed in Rails 3.1. Please check how to update your routes file at: http://www.engineyard.com/blog/2010/the-lowdown-on-routes-in-rails-3/. (called from /Volumes/technologyaz/Work/my/sites/github/azcharters-org/config/routes.rb:1)
DEPRECATION WARNING: ActionController::Base.consider_all_requests_local= is deprecated. Please configure it on your application with config.consider_all_requests_local=. (called from /Volumes/technologyaz/Work/my/sites/github/azcharters-org/config/routes.rb:24)
DEPRECATION WARNING: ActionController::Routing::Routes is deprecated. Instead, use Rails.application.routes. (called from /Volumes/technologyaz/Work/my/sites/github/azcharters-org/config/routes.rb:1)
DEPRECATION WARNING: You are using the old router DSL which will be removed in Rails 3.1. Please check how to update your routes file at: http://www.engineyard.com/blog/2010/the-lowdown-on-routes-in-rails-3/. (called from /Volumes/technologyaz/Work/my/sites/github/azcharters-org/config/routes.rb:1)
DEPRECATION WARNING: ActionController::Base.consider_all_requests_local= is deprecated. Please configure it on your application with config.consider_all_requests_local=. (called from /Volumes/technologyaz/Work/my/sites/github/azcharters-org/config/routes.rb:24)
DEPRECATION WARNING: ActionController::Routing::Routes is deprecated. Instead, use Rails.application.routes. (called from /Volumes/technologyaz/Work/my/sites/github/azcharters-org/config/routes.rb:1)
DEPRECATION WARNING: You are using the old router DSL which will be removed in Rails 3.1. Please check how to update your routes file at: http://www.engineyard.com/blog/2010/the-lowdown-on-routes-in-rails-3/. (called from /Volumes/technologyaz/Work/my/sites/github/azcharters-org/config/routes.rb:1)
DEPRECATION WARNING: ActionController::Base.consider_all_requests_local= is deprecated. Please configure it on your application with config.consider_all_requests_local=. (called from /Volumes/technologyaz/Work/my/sites/github/azcharters-org/config/routes.rb:24)
DEPRECATION WARNING: ActionController::Routing::Routes is deprecated. Instead, use Rails.application.routes. (called from /Volumes/technologyaz/Work/my/sites/github/azcharters-org/config/routes.rb:1)
DEPRECATION WARNING: You are using the old router DSL which will be removed in Rails 3.1. Please check how to update your routes file at: http://www.engineyard.com/blog/2010/the-lowdown-on-routes-in-rails-3/. (called from /Volumes/technologyaz/Work/my/sites/github/azcharters-org/config/routes.rb:1)
DEPRECATION WARNING: ActionController::Base.consider_all_requests_local= is deprecated. Please configure it on your application with config.consider_all_requests_local=. (called from /Volumes/technologyaz/Work/my/sites/github/azcharters-org/config/routes.rb:24)
DEPRECATION WARNING: ActionController::Routing::Routes is deprecated. Instead, use Rails.application.routes. (called from /Volumes/technologyaz/Work/my/sites/github/azcharters-org/config/routes.rb:1)
DEPRECATION WARNING: You are using the old router DSL which will be removed in Rails 3.1. Please check how to update your routes file at: http://www.engineyard.com/blog/2010/the-lowdown-on-routes-in-rails-3/. (called from /Volumes/technologyaz/Work/my/sites/github/azcharters-org/config/routes.rb:1)
DEPRECATION WARNING: ActionController::Base.consider_all_requests_local= is deprecated. Please configure it on your application with config.consider_all_requests_local=. (called from /Volumes/technologyaz/Work/my/sites/github/azcharters-org/config/routes.rb:24)
DEPRECATION WARNING: ActionController::Routing::Routes is deprecated. Instead, use Rails.application.routes. (called from /Volumes/technologyaz/Work/my/sites/github/azcharters-org/config/routes.rb:1)
DEPRECATION WARNING: You are using the old router DSL which will be removed in Rails 3.1. Please check how to update your routes file at: http://www.engineyard.com/blog/2010/the-lowdown-on-routes-in-rails-3/. (called from /Volumes/technologyaz/Work/my/sites/github/azcharters-org/config/routes.rb:1)
DEPRECATION WARNING: ActionController::Base.consider_all_requests_local= is deprecated. Please configure it on your application with config.consider_all_requests_local=. (called from /Volumes/technologyaz/Work/my/sites/github/azcharters-org/config/routes.rb:24)
DEPRECATION WARNING: ActionController::Routing::Routes is deprecated. Instead, use Rails.application.routes. (called from /Volumes/technologyaz/Work/my/sites/github/azcharters-org/config/routes.rb:1)
DEPRECATION WARNING: You are using the old router DSL which will be removed in Rails 3.1. Please check how to update your routes file at: http://www.engineyard.com/blog/2010/the-lowdown-on-routes-in-rails-3/. (called from /Volumes/technologyaz/Work/my/sites/github/azcharters-org/config/routes.rb:1)
DEPRECATION WARNING: ActionController::Base.consider_all_requests_local= is deprecated. Please configure it on your application with config.consider_all_requests_local=. (called from /Volumes/technologyaz/Work/my/sites/github/azcharters-org/config/routes.rb:24)
DEPRECATION WARNING: ActionController::Routing::Routes is deprecated. Instead, use Rails.application.routes. (called from /Volumes/technologyaz/Work/my/sites/github/azcharters-org/config/routes.rb:1)
DEPRECATION WARNING: You are using the old router DSL which will be removed in Rails 3.1. Please check how to update your routes file at: http://www.engineyard.com/blog/2010/the-lowdown-on-routes-in-rails-3/. (called from /Volumes/technologyaz/Work/my/sites/github/azcharters-org/config/routes.rb:1)
DEPRECATION WARNING: ActionController::Base.consider_all_requests_local= is deprecated. Please configure it on your application with config.consider_all_requests_local=. (called from /Volumes/technologyaz/Work/my/sites/github/azcharters-org/config/routes.rb:24)


Started GET "/" for 127.0.0.1 at Thu Dec 16 20:08:15 -0700 2010
  Processing by WebsiteController#index as HTML
Rendered website/index.html.erb within layouts/website (500.5ms)
Completed 200 OK in 505ms (Views: 504.7ms | ActiveRecord: 0.0ms)


Started GET "/" for 127.0.0.1 at Thu Dec 16 20:08:19 -0700 2010
  Processing by WebsiteController#index as HTML
Rendered website/index.html.erb within layouts/website (507.5ms)
Completed 200 OK in 512ms (Views: 511.1ms | ActiveRecord: 0.0ms)


Started GET "/" for 127.0.0.1 at Thu Dec 16 20:08:23 -0700 2010
  Processing by WebsiteController#index as HTML
Rendered website/index.html.erb within layouts/website (500.3ms)
Completed 200 OK in 504ms (Views: 503.8ms | ActiveRecord: 0.0ms)


Started GET "/" for 127.0.0.1 at Thu Dec 16 20:08:26 -0700 2010
  Processing by WebsiteController#index as HTML
Rendered website/index.html.erb within layouts/website (509.5ms)
Completed 200 OK in 513ms (Views: 512.7ms | ActiveRecord: 0.0ms)
DEPRECATION WARNING: ActionController::Routing::Routes is deprecated. Instead, use Rails.application.routes. (called from /Volumes/technologyaz/Work/my/sites/github/azcharters-org/config/routes.rb:1)
DEPRECATION WARNING: You are using the old router DSL which will be removed in Rails 3.1. Please check how to update your routes file at: http://www.engineyard.com/blog/2010/the-lowdown-on-routes-in-rails-3/. (called from /Volumes/technologyaz/Work/my/sites/github/azcharters-org/config/routes.rb:1)
DEPRECATION WARNING: ActionController::Base.consider_all_requests_local= is deprecated. Please configure it on your application with config.consider_all_requests_local=. (called from /Volumes/technologyaz/Work/my/sites/github/azcharters-org/config/routes.rb:24)
DEPRECATION WARNING: ActionController::Routing::Routes is deprecated. Instead, use Rails.application.routes. (called from /Volumes/technologyaz/Work/my/sites/github/azcharters-org/config/routes.rb:1)
DEPRECATION WARNING: You are using the old router DSL which will be removed in Rails 3.1. Please check how to update your routes file at: http://www.engineyard.com/blog/2010/the-lowdown-on-routes-in-rails-3/. (called from /Volumes/technologyaz/Work/my/sites/github/azcharters-org/config/routes.rb:1)
DEPRECATION WARNING: ActionController::Base.consider_all_requests_local= is deprecated. Please configure it on your application with config.consider_all_requests_local=. (called from /Volumes/technologyaz/Work/my/sites/github/azcharters-org/config/routes.rb:24)


Started GET "/" for 127.0.0.1 at Thu Dec 16 20:15:30 -0700 2010
  Processing by WebsiteController#index as HTML
Rendered website/index.html.erb within layouts/website (550.1ms)
Completed 200 OK in 555ms (Views: 554.3ms | ActiveRecord: 0.0ms)


Started GET "/classifieds" for 127.0.0.1 at Thu Dec 16 20:15:49 -0700 2010
  Processing by WebsiteController#page as HTML
  Parameters: {"id"=>"classifieds"}
Rendered website/page.html.erb within layouts/website (22.9ms)
Completed   in 167ms

ActionView::Template::Error (undefined method `title' for nil:NilClass):
    1: <% content_for :title do %>
    2: <%= @page.title %>
    3: <% end %>
    4: <%= @page.body.html_safe %>
  app/views/website/page.html.erb:2:in `_app_views_website_page_html_erb__1099795906_2173867280_0'
  app/views/website/page.html.erb:1:in `_app_views_website_page_html_erb__1099795906_2173867280_0'

Rendered /Users/blaine/.rvm/gems/ruby-1.8.7-p299/gems/actionpack-3.0.0/lib/action_dispatch/middleware/templates/rescues/_trace.erb (1.1ms)
Rendered /Users/blaine/.rvm/gems/ruby-1.8.7-p299/gems/actionpack-3.0.0/lib/action_dispatch/middleware/templates/rescues/_request_and_response.erb (483.0ms)
Rendered /Users/blaine/.rvm/gems/ruby-1.8.7-p299/gems/actionpack-3.0.0/lib/action_dispatch/middleware/templates/rescues/template_error.erb within rescues/layout (494.2ms)
DEPRECATION WARNING: ActionController::Routing::Routes is deprecated. Instead, use Rails.application.routes. (called from /Volumes/technologyaz/Work/my/sites/github/azcharters-org/config/routes.rb:1)
DEPRECATION WARNING: You are using the old router DSL which will be removed in Rails 3.1. Please check how to update your routes file at: http://www.engineyard.com/blog/2010/the-lowdown-on-routes-in-rails-3/. (called from /Volumes/technologyaz/Work/my/sites/github/azcharters-org/config/routes.rb:1)
DEPRECATION WARNING: ActionController::Base.consider_all_requests_local= is deprecated. Please configure it on your application with config.consider_all_requests_local=. (called from /Volumes/technologyaz/Work/my/sites/github/azcharters-org/config/routes.rb:24)


Started GET "/directory" for 127.0.0.1 at Thu Dec 16 20:19:27 -0700 2010
  Processing by WebsiteController#page as HTML
  Parameters: {"id"=>"directory"}
Rendered website/page.html.erb within layouts/website (4.0ms)
Completed   in 107ms

ActionView::Template::Error (undefined method `title' for nil:NilClass):
    1: <% content_for :title do %>
    2: <%= @page.title %>
    3: <% end %>
    4: <%= @page.body.html_safe %>
  app/views/website/page.html.erb:2:in `_app_views_website_page_html_erb__1099795906_2170509460_0'
  app/views/website/page.html.erb:1:in `_app_views_website_page_html_erb__1099795906_2170509460_0'

Rendered /Users/blaine/.rvm/gems/ruby-1.8.7-p299/gems/actionpack-3.0.0/lib/action_dispatch/middleware/templates/rescues/_trace.erb (1.2ms)
Rendered /Users/blaine/.rvm/gems/ruby-1.8.7-p299/gems/actionpack-3.0.0/lib/action_dispatch/middleware/templates/rescues/_request_and_response.erb (535.8ms)
Rendered /Users/blaine/.rvm/gems/ruby-1.8.7-p299/gems/actionpack-3.0.0/lib/action_dispatch/middleware/templates/rescues/template_error.erb within rescues/layout (548.6ms)
DEPRECATION WARNING: ActionController::Routing::Routes is deprecated. Instead, use Rails.application.routes. (called from /Volumes/technologyaz/Work/my/sites/github/azcharters-org/config/routes.rb:1)
DEPRECATION WARNING: You are using the old router DSL which will be removed in Rails 3.1. Please check how to update your routes file at: http://www.engineyard.com/blog/2010/the-lowdown-on-routes-in-rails-3/. (called from /Volumes/technologyaz/Work/my/sites/github/azcharters-org/config/routes.rb:1)
DEPRECATION WARNING: ActionController::Base.consider_all_requests_local= is deprecated. Please configure it on your application with config.consider_all_requests_local=. (called from /Volumes/technologyaz/Work/my/sites/github/azcharters-org/config/routes.rb:24)


Started GET "/" for 127.0.0.1 at Thu Dec 16 21:23:28 -0700 2010
  Processing by WebsiteController#index as HTML
Rendered website/index.html.erb within layouts/website (526.4ms)
Completed 200 OK in 531ms (Views: 530.2ms | ActiveRecord: 0.0ms)
